2021-04-03 14:18:48,164|azureml|DEBUG|Execute Job Release Inputs:: kwargs: {'disable_output_upload': True}, track_folders: None, deny_list: None, directories_to_watch: []
2021-04-03 14:18:48,164|azureml.history._tracking.PythonWorkingDirectory|DEBUG|Execution target type: batchai
2021-04-03 14:18:48,164|azureml.history._tracking.PythonWorkingDirectory|DEBUG|Failed to import pyspark with error: No module named 'pyspark'
2021-04-03 14:18:48,165|azureml.history._tracking.PythonWorkingDirectory.workingdir|DEBUG|Pinning working directory for filesystems: ['pyfs']
2021-04-03 14:18:48,165|azureml.core.run|DEBUG|Identity in use is not set. Falling back to using AMLToken
2021-04-03 14:18:48,165|azureml.core.run|DEBUG|Using AMLToken auth for remote run
2021-04-03 14:18:48,167|azureml.core.authentication.TokenRefresherDaemon|DEBUG|Starting daemon and triggering first instance
2021-04-03 14:18:48,175|azureml._restclient.clientbase|INFO|Created a worker pool for first use
2021-04-03 14:18:48,175|azureml.core.authentication|DEBUG|Time to expire 1814274.824713 seconds
2021-04-03 14:18:48,175|azureml._restclient.service_context|DEBUG|Created a static thread pool for ServiceContext class
2021-04-03 14:18:48,175|azureml._base_sdk_common.service_discovery|DEBUG|Found history service url in environment variable AZUREML_SERVICE_ENDPOINT, history service url: https://eastus2.experiments.azureml.net.
2021-04-03 14:18:48,176|azureml._base_sdk_common.service_discovery|DEBUG|Found history service url in environment variable AZUREML_SERVICE_ENDPOINT, history service url: https://eastus2.experiments.azureml.net.
2021-04-03 14:18:48,176|azureml._base_sdk_common.service_discovery|DEBUG|Found history service url in environment variable AZUREML_SERVICE_ENDPOINT, history service url: https://eastus2.experiments.azureml.net.
2021-04-03 14:18:48,176|azureml._base_sdk_common.service_discovery|DEBUG|Found history service url in environment variable AZUREML_SERVICE_ENDPOINT, history service url: https://eastus2.experiments.azureml.net.
2021-04-03 14:18:48,176|azureml._base_sdk_common.service_discovery|DEBUG|Found history service url in environment variable AZUREML_SERVICE_ENDPOINT, history service url: https://eastus2.experiments.azureml.net.
2021-04-03 14:18:48,176|azureml._base_sdk_common.service_discovery|DEBUG|Found history service url in environment variable AZUREML_SERVICE_ENDPOINT, history service url: https://eastus2.experiments.azureml.net.
2021-04-03 14:18:48,176|azureml._base_sdk_common.service_discovery|DEBUG|Found history service url in environment variable AZUREML_SERVICE_ENDPOINT, history service url: https://eastus2.experiments.azureml.net.
2021-04-03 14:18:48,209|azureml._SubmittedRun#AutoML_bf7840d2-5a31-488d-88df-bca241986748_43.RunHistoryFacade.RunClient.get_by_exp_id-async:False|DEBUG|[START]
2021-04-03 14:18:48,209|azureml._SubmittedRun#AutoML_bf7840d2-5a31-488d-88df-bca241986748_43.RunHistoryFacade.RunClient|DEBUG|ClientBase: Calling get_by_exp_id with url /history/v1.0/subscriptions/{subscriptionId}/resourceGroups/{resourceGroupName}/providers/Microsoft.MachineLearningServices/workspaces/{workspaceName}/experimentids/{experimentId}/runs/{runId}
2021-04-03 14:18:48,298|azureml._SubmittedRun#AutoML_bf7840d2-5a31-488d-88df-bca241986748_43.RunHistoryFacade.RunClient.get_by_exp_id-async:False|DEBUG|[STOP]
2021-04-03 14:18:48,299|azureml._SubmittedRun#AutoML_bf7840d2-5a31-488d-88df-bca241986748_43|DEBUG|Constructing run from dto. type: azureml.scriptrun, source: None, props: {'runTemplate': 'automl_child', 'pipeline_id': '__AutoML_Stack_Ensemble__', 'pipeline_spec': '{"pipeline_id":"__AutoML_Stack_Ensemble__","objects":[{"module":"azureml.train.automl.stack_ensemble","class_name":"StackEnsemble","spec_class":"sklearn","param_args":[],"param_kwargs":{"automl_settings":"{\'task_type\':\'regression\',\'primary_metric\':\'spearman_correlation\',\'ensemble_iterations\':15,\'is_timeseries\':False,\'name\':\'exp1\',\'compute_target\':\'model2\',\'subscription_id\':\'b70cd360-9bf7-4811-add7-49b8f59baf39\',\'region\':\'eastus2\'}","ensemble_run_id":"AutoML_bf7840d2-5a31-488d-88df-bca241986748_43","experiment_name":"exp1","workspace_name":"Social_media_engagement","subscription_id":"b70cd360-9bf7-4811-add7-49b8f59baf39","resource_group_name":"MSHack"}}]}', 'training_percent': '100', 'predicted_cost': None, 'iteration': '43', '_aml_system_scenario_identification': 'Remote.Child', '_azureml.ComputeTargetType': 'amlcompute', 'ContentSnapshotId': '1b5fcb5d-905d-41d4-938d-85029847590e', 'ProcessInfoFile': 'azureml-logs/process_info.json', 'ProcessStatusFile': 'azureml-logs/process_status.json', 'run_template': 'automl_child', 'run_preprocessor': '', 'run_algorithm': 'StackEnsemble', 'model_output_path': 'outputs/model.pkl', 'conda_env_data_location': 'aml://artifact/ExperimentRun/dcid.AutoML_bf7840d2-5a31-488d-88df-bca241986748_43/outputs/conda_env_v_1_0_0.yml', 'model_data_location': 'aml://artifact/ExperimentRun/dcid.AutoML_bf7840d2-5a31-488d-88df-bca241986748_43/outputs/model.pkl', 'model_size_on_disk': '27607162', 'scoring_data_location': 'aml://artifact/ExperimentRun/dcid.AutoML_bf7840d2-5a31-488d-88df-bca241986748_43/outputs/scoring_file_v_1_0_0.py', 'model_exp_support': 'True', 'pipeline_graph_version': '1.0.0', 'model_name': 'AutoMLbf7840d2543', 'staticProperties': '{}', 'score': '0.8472064781453446', 'score_table': 'NaN', 'run_properties': "base_learners=[('21',\n                                       Pipeline(memory=None,\n                                                steps=[('maxabsscaler',\n                                                        MaxAbsScaler(copy=True", 'pipeline_script': '{"pipeline_id":"__AutoML_Stack_Ensemble__","objects":[{"module":"azureml.train.automl.stack_ensemble","class_name":"StackEnsemble","spec_class":"sklearn","param_args":[],"param_kwargs":{"automl_settings":"{\'task_type\':\'regression\',\'primary_metric\':\'spearman_correlation\',\'ensemble_iterations\':15,\'is_timeseries\':False,\'name\':\'exp1\',\'compute_target\':\'model2\',\'subscription_id\':\'b70cd360-9bf7-4811-add7-49b8f59baf39\',\'region\':\'eastus2\'}","ensemble_run_id":"AutoML_bf7840d2-5a31-488d-88df-bca241986748_43","experiment_name":"exp1","workspace_name":"Social_media_engagement","subscription_id":"b70cd360-9bf7-4811-add7-49b8f59baf39","resource_group_name":"MSHack"}}]}', 'training_type': 'MeanCrossValidation', 'num_classes': '', 'framework': 'sklearn', 'fit_time': '64', 'goal': 'spearman_correlation_max', 'class_labels': '', 'primary_metric': 'spearman_correlation', 'errors': '{}', 'onnx_model_resource': '{}', 'error_code': '', 'failure_reason': '', 'feature_skus': 'automatedml_sdk_guardrails', 'dependencies_versions': '{"azureml-train-automl-runtime": "1.24.0", "azureml-train-automl-client": "1.24.0", "azureml-telemetry": "1.24.0", "azureml-pipeline-core": "1.24.0", "azureml-model-management-sdk": "1.0.1b6.post1", "azureml-mlflow": "1.24.0", "azureml-interpret": "1.24.0", "azureml-defaults": "1.24.0", "azureml-dataset-runtime": "1.24.0", "azureml-dataprep": "2.11.2", "azureml-dataprep-rslex": "1.9.1", "azureml-dataprep-native": "30.0.0", "azureml-core": "1.24.0.post1", "azureml-automl-runtime": "1.24.0", "azureml-automl-core": "1.24.0"}', 'num_cores': '4', 'num_logical_cores': '4', 'peak_memory_usage': '4197192', 'vm_configuration': 'Intel(R) Xeon(R) Platinum 8171M CPU @ 2.60GHz', 'core_hours': '0.03691722027777778'}
2021-04-03 14:18:48,299|azureml._SubmittedRun#AutoML_bf7840d2-5a31-488d-88df-bca241986748_43.RunContextManager|DEBUG|Valid logs dir, setting up content loader
2021-04-03 14:18:48,299|azureml.WorkerPool|DEBUG|[START]
2021-04-03 14:18:48,299|azureml.TrackFolders|DEBUG|[START]
2021-04-03 14:18:48,299|azureml|DEBUG|Executing history release.
2021-04-03 14:18:48,300|azureml.history._tracking.PythonWorkingDirectory.workingdir|DEBUG|Uploading tracked directories: [], excluding ['azureml-logs/driver_log']
2021-04-03 14:18:48,300|azureml.history._tracking.PythonWorkingDirectory.workingdir|DEBUG|Calling track for pyfs
2021-04-03 14:18:48,300|azureml.TrackFolders|DEBUG|[STOP]
2021-04-03 14:18:48,300|azureml.HistoryTrackingWorkerPool.WorkerPoolShutdown|DEBUG|[START]
2021-04-03 14:18:48,300|azureml.HistoryTrackingWorkerPool.WorkerPoolShutdown|DEBUG|[STOP]
2021-04-03 14:18:48,300|azureml.WorkerPool|DEBUG|[STOP]
